[2025-04-20 11:23:43] ADDED: Customer (ID: c025)
Details: Name: Matty, Location: Ghaziabad, Noida, UP
--------------------------------------------------------------------------------
[2025-04-20 11:47:12] ADDED: Customer (ID: c011)
Details: Name: Matty, Location: Kolkata, Taratala, West Begal
--------------------------------------------------------------------------------
[2025-04-20 11:56:56] ADDED: Customer (ID: c023)
Details: Name: Fox, Location: Banaras, chowk, UP
--------------------------------------------------------------------------------
[2025-04-20 18:40:25] ADDED: Customer (ID: c028)
Details: Name: Krishnam, Location: Prayagraj, chungi, UttarPradesh
--------------------------------------------------------------------------------
[2025-04-22 19:50:33] ADDED: Customer (ID: c098)
Details: Name: khjabfk, Location: as, afs, af
--------------------------------------------------------------------------------
[2025-04-22 20:04:56] ADDED: Customer (ID: c098)
Details: Name: adfsaf, Location: asd, asf, asf
--------------------------------------------------------------------------------
[2025-04-22 20:06:33] ADDED: Customer (ID: c087)
Details: Name: sad, Location: saf, asf, dafd
--------------------------------------------------------------------------------
[2025-04-22 20:09:40] ADDED: Customer (ID: c099)
Details: Name: kjdnfgks, Location: afasgf, dsggsdss, segsdg
--------------------------------------------------------------------------------
[2025-04-22 20:20:27] ADDED: Customer (ID: c100)
Details: Name: mkwnfjkq, Location: nkjsfn, nkajdw, sjjnfkwejg
--------------------------------------------------------------------------------
[2025-04-22 20:21:29] ADDED: Customer (ID: c100)
Details: Name: wjhefbjheg f, Location: kjnfksdjhbg, pekfjiwg`, ekijshgfyweb
--------------------------------------------------------------------------------
[2025-04-23 14:12:18] ADDED: Customer (ID: c067)
Details: Name: nkjsddbfk, Location: skjddnfka, dkjfnkas, dkjnfasjk
--------------------------------------------------------------------------------
